<?xml version="1.0" encoding="UTF-8"?>

<mule xmlns:xsi="http://www.w3.org/2001/XMLSchema-instance"
	xmlns:munit="http://www.mulesoft.org/schema/mule/munit" xmlns:munit-tools="http://www.mulesoft.org/schema/mule/munit-tools"
	xmlns="http://www.mulesoft.org/schema/mule/core" xmlns:doc="http://www.mulesoft.org/schema/mule/documentation"
	xsi:schemaLocation="
		http://www.mulesoft.org/schema/mule/core http://www.mulesoft.org/schema/mule/core/current/mule.xsd
		http://www.mulesoft.org/schema/mule/munit http://www.mulesoft.org/schema/mule/munit/current/mule-munit.xsd
		http://www.mulesoft.org/schema/mule/munit-tools  http://www.mulesoft.org/schema/mule/munit-tools/current/mule-munit-tools.xsd">
	<munit:config name="test-suite.xml" />
	<munit:test name="expapiFlow-test" doc:id="0e2134ef-e833-4719-b894-17599f3c2c22" >
		<munit:behavior >
			<munit:set-event doc:name="Set Input" doc:id="05650a69-fba2-4666-bfe6-a0ca81762371" >
				<munit:payload value="#[output application/json  --- readUrl('classpath://expapiFlowtest\set-event_payload.dwl')]" encoding="UTF-8" mediaType="application/json " />
				<munit:attributes value="#[readUrl('classpath://expapiFlowtest\set-event_attributes.dwl')]" />
			</munit:set-event>
		</munit:behavior>
		<munit:execution >
			<flow-ref doc:name="Flow-ref to expapiFlow" doc:id="4db9b228-2943-4490-9a3f-49399a09a9b0" name="expapiFlow"/>
		</munit:execution>
		<munit:validation >
			<munit-tools:assert doc:name="Assert payload" doc:id="d28f18c4-413f-4281-8814-36e68a0f55fc" message="The payload does not match">
				<munit-tools:that ><![CDATA[#[%dw 2.0
import expapiFlowtest::assert_expression_payload
---
assert_expression_payload::main({payload: payload, attributes: attributes, vars: vars})]]]></munit-tools:that>
			</munit-tools:assert>
			<munit-tools:verify-call doc:name="Verify Transform Message" doc:id="1434f8c9-a28e-4fbc-82c6-b49cf0e148c6" processor="ee:transform" times="1">
				<munit-tools:with-attributes >
					<munit-tools:with-attribute whereValue="24bc70fd-11e8-45b1-aa91-672c2a1cd330" attributeName="doc:id" />
				</munit-tools:with-attributes>
			</munit-tools:verify-call>
		</munit:validation>
	</munit:test>


</mule>
